{
  "RSpec": {
    "coverage": {
      "/home/codio/workspace/project/app.rb": {
        "lines": [
          1,
          1,
          1,
          null,
          1,
          null,
          1,
          null,
          1,
          null,
          1,
          1
        ]
      },
      "/home/codio/workspace/project/db/db.rb": {
        "lines": [
          1,
          1,
          null,
          null,
          1,
          null,
          null,
          1,
          1,
          null,
          null,
          1,
          1,
          null,
          null,
          1,
          null,
          null,
          1
        ]
      },
      "/home/codio/workspace/project/controllers/controllers.rb": {
        "lines": [
          1,
          0,
          null,
          null,
          1,
          2,
          2,
          null,
          null,
          1,
          0,
          0,
          null,
          null,
          1,
          0,
          0,
          null,
          null,
          1,
          0,
          0,
          null,
          null,
          1,
          2,
          2,
          null,
          null,
          2,
          null,
          2,
          0,
          null,
          2,
          2,
          2,
          null,
          2,
          null,
          2,
          null,
          0,
          null,
          0,
          null,
          null,
          null,
          null,
          1,
          0,
          null,
          0,
          null,
          null,
          null,
          0,
          0,
          0,
          0,
          0,
          0,
          null,
          0,
          null,
          0,
          null,
          null,
          0,
          null,
          0,
          null
        ]
      },
      "/home/codio/workspace/project/controllers/controllers_admin.rb": {
        "lines": [
          1,
          0,
          null,
          null,
          0,
          0,
          null
        ]
      },
      "/home/codio/workspace/project/controllers/controllers_mentee.rb": {
        "lines": [
          1,
          null,
          2,
          2,
          null,
          2,
          2,
          null,
          2,
          2,
          null,
          2,
          0,
          0,
          0,
          null,
          0,
          null,
          null,
          null,
          2,
          null,
          2,
          null,
          null,
          1,
          null,
          0,
          null,
          null,
          1,
          null,
          0,
          0,
          0,
          0,
          null,
          null,
          1,
          null,
          0,
          0,
          null,
          0,
          null,
          null,
          1,
          0,
          0,
          null,
          0,
          null,
          0,
          0,
          0,
          0,
          0,
          0,
          null
        ]
      },
      "/home/codio/workspace/project/controllers/controllers_mentor.rb": {
        "lines": [
          1,
          null,
          0,
          0,
          0,
          null,
          0,
          null,
          0,
          null,
          null,
          1,
          null,
          0,
          0,
          0,
          0,
          null,
          null,
          1,
          0,
          0,
          null,
          0,
          0,
          0,
          0,
          0,
          0,
          0,
          0,
          null
        ]
      },
      "/home/codio/workspace/project/models/users.rb": {
        "lines": [
          null,
          1,
          null,
          1,
          2,
          null,
          null,
          null,
          null,
          1,
          null,
          0,
          0,
          null,
          null,
          null,
          null,
          null,
          null,
          0,
          null,
          null,
          null,
          null,
          null,
          1,
          0,
          0,
          0,
          0,
          0,
          0,
          0,
          0,
          null,
          null,
          1,
          0,
          null,
          null,
          null,
          1,
          null,
          1,
          0,
          0,
          null,
          null
        ]
      }
    },
    "timestamp": 1616007500
  }
}
